# JRE version: OpenJDK Runtime Environment (8.0_202-b08) (build 1.8.0_202-b08)
# Java VM: OpenJDK 64-Bit Server VM (25.202-b08 mixed mode linux-amd64 compressed oops)
Heap:
 PSYoungGen      total 143360K, used 17698K [0x000000076cd80000, 0x0000000779700000, 0x00000007c0000000)
  eden space 124416K, 5% used [0x000000076cd80000,0x000000076d40e2e0,0x0000000774700000)
  from space 18944K, 57% used [0x0000000774700000,0x00000007751ba730,0x0000000775980000)
  to   space 18432K, 0% used [0x0000000778500000,0x0000000778500000,0x0000000779700000)
 ParOldGen       total 183296K, used 21257K [0x00000006c6800000, 0x00000006d1b00000, 0x000000076cd80000)
  object space 183296K, 11% used [0x00000006c6800000,0x00000006c7cc26d0,0x00000006d1b00000)
 Metaspace       used 41648K, capacity 43552K, committed 43648K, reserved 1087488K
  class space    used 5562K, capacity 5942K, committed 6016K, reserved 1048576K
GC Heap History (10 events):
Event: 1.908 GC heap before
{Heap before GC invocations=5 (full 1):
 PSYoungGen      total 74752K, used 64512K [0x000000076cd80000, 0x0000000775f80000, 0x00000007c0000000)
  eden space 64512K, 100% used [0x000000076cd80000,0x0000000770c80000,0x0000000770c80000)
  from space 10240K, 0% used [0x0000000770c80000,0x0000000770c80000,0x0000000771680000)
  to   space 10240K, 0% used [0x0000000775580000,0x0000000775580000,0x0000000775f80000)
 ParOldGen       total 106496K, used 6503K [0x00000006c6800000, 0x00000006cd000000, 0x000000076cd80000)
  object space 106496K, 6% used [0x00000006c6800000,0x00000006c6e59e80,0x00000006cd000000)
 Metaspace       used 22243K, capacity 22954K, committed 23168K, reserved 1069056K
  class space    used 2881K, capacity 3100K, committed 3200K, reserved 1048576K
Event: 1.913 GC heap after
Heap after GC invocations=5 (full 1):
 PSYoungGen      total 95232K, used 3406K [0x000000076cd80000, 0x0000000775900000, 0x00000007c0000000)
  eden space 91648K, 0% used [0x000000076cd80000,0x000000076cd80000,0x0000000772700000)
  from space 3584K, 95% used [0x0000000775580000,0x00000007758d3ac0,0x0000000775900000)
  to   space 10240K, 0% used [0x0000000774500000,0x0000000774500000,0x0000000774f00000)
 ParOldGen       total 106496K, used 6575K [0x00000006c6800000, 0x00000006cd000000, 0x000000076cd80000)
  object space 106496K, 6% used [0x00000006c6800000,0x00000006c6e6be90,0x00000006cd000000)
 Metaspace       used 22243K, capacity 22954K, committed 23168K, reserved 1069056K
  class space    used 2881K, capacity 3100K, committed 3200K, reserved 1048576K
}
Event: 2.735 GC heap before
{Heap before GC invocations=6 (full 1):
 PSYoungGen      total 95232K, used 95054K [0x000000076cd80000, 0x0000000775900000, 0x00000007c0000000)
  eden space 91648K, 100% used [0x000000076cd80000,0x0000000772700000,0x0000000772700000)
  from space 3584K, 95% used [0x0000000775580000,0x00000007758d3ac0,0x0000000775900000)
  to   space 10240K, 0% used [0x0000000774500000,0x0000000774500000,0x0000000774f00000)
 ParOldGen       total 106496K, used 6575K [0x00000006c6800000, 0x00000006cd000000, 0x000000076cd80000)
  object space 106496K, 6% used [0x00000006c6800000,0x00000006c6e6be90,0x00000006cd000000)
 Metaspace       used 28429K, capacity 29754K, committed 29952K, reserved 1075200K
  class space    used 3758K, capacity 4058K, committed 4096K, reserved 1048576K
Event: 2.751 GC heap after
Heap after GC invocations=6 (full 1):
 PSYoungGen      total 132608K, used 10215K [0x000000076cd80000, 0x0000000776880000, 0x00000007c0000000)
  eden space 122368K, 0% used [0x000000076cd80000,0x000000076cd80000,0x0000000774500000)
  from space 10240K, 99% used [0x0000000774500000,0x0000000774ef9da0,0x0000000774f00000)
  to   space 15360K, 0% used [0x0000000775980000,0x0000000775980000,0x0000000776880000)
 ParOldGen       total 106496K, used 10635K [0x00000006c6800000, 0x00000006cd000000, 0x000000076cd80000)
  object space 106496K, 9% used [0x00000006c6800000,0x00000006c7262f88,0x00000006cd000000)
 Metaspace       used 28429K, capacity 29754K, committed 29952K, reserved 1075200K
  class space    used 3758K, capacity 4058K, committed 4096K, reserved 1048576K
}
Event: 3.161 GC heap before
{Heap before GC invocations=7 (full 1):
 PSYoungGen      total 132608K, used 99112K [0x000000076cd80000, 0x0000000776880000, 0x00000007c0000000)
  eden space 122368K, 72% used [0x000000076cd80000,0x0000000772450508,0x0000000774500000)
  from space 10240K, 99% used [0x0000000774500000,0x0000000774ef9da0,0x0000000774f00000)
  to   space 15360K, 0% used [0x0000000775980000,0x0000000775980000,0x0000000776880000)
 ParOldGen       total 106496K, used 10635K [0x00000006c6800000, 0x00000006cd000000, 0x000000076cd80000)
  object space 106496K, 9% used [0x00000006c6800000,0x00000006c7262f88,0x00000006cd000000)
 Metaspace       used 33880K, capacity 35410K, committed 35456K, reserved 1079296K
  class space    used 4401K, capacity 4734K, committed 4736K, reserved 1048576K
Event: 3.173 GC heap after
Heap after GC invocations=7 (full 1):
 PSYoungGen      total 139776K, used 15359K [0x000000076cd80000, 0x0000000779980000, 0x00000007c0000000)
  eden space 124416K, 0% used [0x000000076cd80000,0x000000076cd80000,0x0000000774700000)
  from space 15360K, 99% used [0x0000000775980000,0x000000077687fc78,0x0000000776880000)
  to   space 18944K, 0% used [0x0000000774700000,0x0000000774700000,0x0000000775980000)
 ParOldGen       total 106496K, used 11708K [0x00000006c6800000, 0x00000006cd000000, 0x000000076cd80000)
  object space 106496K, 10% used [0x00000006c6800000,0x00000006c736f308,0x00000006cd000000)
 Metaspace       used 33880K, capacity 35410K, committed 35456K, reserved 1079296K
  class space    used 4401K, capacity 4734K, committed 4736K, reserved 1048576K
}
Event: 3.173 GC heap before
{Heap before GC invocations=8 (full 2):
 PSYoungGen      total 139776K, used 15359K [0x000000076cd80000, 0x0000000779980000, 0x00000007c0000000)
  eden space 124416K, 0% used [0x000000076cd80000,0x000000076cd80000,0x0000000774700000)
  from space 15360K, 99% used [0x0000000775980000,0x000000077687fc78,0x0000000776880000)
  to   space 18944K, 0% used [0x0000000774700000,0x0000000774700000,0x0000000775980000)
 ParOldGen       total 106496K, used 11708K [0x00000006c6800000, 0x00000006cd000000, 0x000000076cd80000)
  object space 106496K, 10% used [0x00000006c6800000,0x00000006c736f308,0x00000006cd000000)
 Metaspace       used 33880K, capacity 35410K, committed 35456K, reserved 1079296K
  class space    used 4401K, capacity 4734K, committed 4736K, reserved 1048576K
Event: 3.235 GC heap after
Heap after GC invocations=8 (full 2):
 PSYoungGen      total 139776K, used 0K [0x000000076cd80000, 0x0000000779980000, 0x00000007c0000000)
  eden space 124416K, 0% used [0x000000076cd80000,0x000000076cd80000,0x0000000774700000)
  from space 15360K, 0% used [0x0000000775980000,0x0000000775980000,0x0000000776880000)
  to   space 18944K, 0% used [0x0000000774700000,0x0000000774700000,0x0000000775980000)
 ParOldGen       total 183296K, used 21257K [0x00000006c6800000, 0x00000006d1b00000, 0x000000076cd80000)
  object space 183296K, 11% used [0x00000006c6800000,0x00000006c7cc26d0,0x00000006d1b00000)
 Metaspace       used 33880K, capacity 35410K, committed 35456K, reserved 1079296K
  class space    used 4401K, capacity 4734K, committed 4736K, reserved 1048576K
}
Event: 4.291 GC heap before
{Heap before GC invocations=9 (full 2):
 PSYoungGen      total 139776K, used 124416K [0x000000076cd80000, 0x0000000779980000, 0x00000007c0000000)
  eden space 124416K, 100% used [0x000000076cd80000,0x0000000774700000,0x0000000774700000)
  from space 15360K, 0% used [0x0000000775980000,0x0000000775980000,0x0000000776880000)
  to   space 18944K, 0% used [0x0000000774700000,0x0000000774700000,0x0000000775980000)
 ParOldGen       total 183296K, used 21257K [0x00000006c6800000, 0x00000006d1b00000, 0x000000076cd80000)
  object space 183296K, 11% used [0x00000006c6800000,0x00000006c7cc26d0,0x00000006d1b00000)
 Metaspace       used 41603K, capacity 43534K, committed 43648K, reserved 1087488K
  class space    used 5553K, capacity 5939K, committed 6016K, reserved 1048576K
Event: 4.299 GC heap after
Heap after GC invocations=9 (full 2):
 PSYoungGen      total 143360K, used 10985K [0x000000076cd80000, 0x0000000779700000, 0x00000007c0000000)
  eden space 124416K, 0% used [0x000000076cd80000,0x000000076cd80000,0x0000000774700000)
  from space 18944K, 57% used [0x0000000774700000,0x00000007751ba730,0x0000000775980000)
  to   space 18432K, 0% used [0x0000000778500000,0x0000000778500000,0x0000000779700000)
 ParOldGen       total 183296K, used 21257K [0x00000006c6800000, 0x00000006d1b00000, 0x000000076cd80000)
  object space 183296K, 11% used [0x00000006c6800000,0x00000006c7cc26d0,0x00000006d1b00000)
 Metaspace       used 41603K, capacity 43534K, committed 43648K, reserved 1087488K
  class space    used 5553K, capacity 5939K, committed 6016K, reserved 1048576K
}

