# JRE version: OpenJDK Runtime Environment (8.0_202-b08) (build 1.8.0_202-b08)
# Java VM: OpenJDK 64-Bit Server VM (25.202-b08 mixed mode linux-amd64 compressed oops)
Heap:
 PSYoungGen      total 237056K, used 143576K [0x00000000eab00000, 0x00000000fb780000, 0x0000000100000000)
  eden space 214016K, 56% used [0x00000000eab00000,0x00000000f20b8c38,0x00000000f7c00000)
  from space 23040K, 99% used [0x00000000f9600000,0x00000000fac7d4c8,0x00000000fac80000)
  to   space 26624K, 0% used [0x00000000f7c00000,0x00000000f7c00000,0x00000000f9600000)
 ParOldGen       total 171520K, used 40243K [0x00000000c0000000, 0x00000000ca780000, 0x00000000eab00000)
  object space 171520K, 23% used [0x00000000c0000000,0x00000000c274cf78,0x00000000ca780000)
 Metaspace       used 55410K, capacity 56380K, committed 56664K, reserved 1097728K
  class space    used 7537K, capacity 7915K, committed 8024K, reserved 1048576K
GC Heap History (10 events):
Event: 12.544 GC heap before
{Heap before GC invocations=10 (full 2):
 PSYoungGen      total 106496K, used 93696K [0x00000000eab00000, 0x00000000f5c00000, 0x0000000100000000)
  eden space 93696K, 100% used [0x00000000eab00000,0x00000000f0680000,0x00000000f0680000)
  from space 12800K, 0% used [0x00000000f0680000,0x00000000f0680000,0x00000000f1300000)
  to   space 14336K, 0% used [0x00000000f4e00000,0x00000000f4e00000,0x00000000f5c00000)
 ParOldGen       total 171520K, used 20337K [0x00000000c0000000, 0x00000000ca780000, 0x00000000eab00000)
  object space 171520K, 11% used [0x00000000c0000000,0x00000000c13dc4c8,0x00000000ca780000)
 Metaspace       used 43906K, capacity 44766K, committed 44888K, reserved 1087488K
  class space    used 6131K, capacity 6440K, committed 6488K, reserved 1048576K
Event: 12.566 GC heap after
Heap after GC invocations=10 (full 2):
 PSYoungGen      total 152064K, used 14325K [0x00000000eab00000, 0x00000000f5c00000, 0x0000000100000000)
  eden space 137728K, 0% used [0x00000000eab00000,0x00000000eab00000,0x00000000f3180000)
  from space 14336K, 99% used [0x00000000f4e00000,0x00000000f5bfd6c8,0x00000000f5c00000)
  to   space 17408K, 0% used [0x00000000f3a00000,0x00000000f3a00000,0x00000000f4b00000)
 ParOldGen       total 171520K, used 24149K [0x00000000c0000000, 0x00000000ca780000, 0x00000000eab00000)
  object space 171520K, 14% used [0x00000000c0000000,0x00000000c17957d0,0x00000000ca780000)
 Metaspace       used 43906K, capacity 44766K, committed 44888K, reserved 1087488K
  class space    used 6131K, capacity 6440K, committed 6488K, reserved 1048576K
}
Event: 14.978 GC heap before
{Heap before GC invocations=11 (full 2):
 PSYoungGen      total 152064K, used 152053K [0x00000000eab00000, 0x00000000f5c00000, 0x0000000100000000)
  eden space 137728K, 100% used [0x00000000eab00000,0x00000000f3180000,0x00000000f3180000)
  from space 14336K, 99% used [0x00000000f4e00000,0x00000000f5bfd6c8,0x00000000f5c00000)
  to   space 17408K, 0% used [0x00000000f3a00000,0x00000000f3a00000,0x00000000f4b00000)
 ParOldGen       total 171520K, used 24149K [0x00000000c0000000, 0x00000000ca780000, 0x00000000eab00000)
  object space 171520K, 14% used [0x00000000c0000000,0x00000000c17957d0,0x00000000ca780000)
 Metaspace       used 44166K, capacity 45008K, committed 45144K, reserved 1087488K
  class space    used 6142K, capacity 6459K, committed 6488K, reserved 1048576K
Event: 14.988 GC heap after
Heap after GC invocations=11 (full 2):
 PSYoungGen      total 163840K, used 10688K [0x00000000eab00000, 0x00000000f7500000, 0x0000000100000000)
  eden space 146432K, 0% used [0x00000000eab00000,0x00000000eab00000,0x00000000f3a00000)
  from space 17408K, 61% used [0x00000000f3a00000,0x00000000f4470000,0x00000000f4b00000)
  to   space 16896K, 0% used [0x00000000f6480000,0x00000000f6480000,0x00000000f7500000)
 ParOldGen       total 171520K, used 24157K [0x00000000c0000000, 0x00000000ca780000, 0x00000000eab00000)
  object space 171520K, 14% used [0x00000000c0000000,0x00000000c17977d0,0x00000000ca780000)
 Metaspace       used 44166K, capacity 45008K, committed 45144K, reserved 1087488K
  class space    used 6142K, capacity 6459K, committed 6488K, reserved 1048576K
}
Event: 17.432 GC heap before
{Heap before GC invocations=12 (full 2):
 PSYoungGen      total 163840K, used 157120K [0x00000000eab00000, 0x00000000f7500000, 0x0000000100000000)
  eden space 146432K, 100% used [0x00000000eab00000,0x00000000f3a00000,0x00000000f3a00000)
  from space 17408K, 61% used [0x00000000f3a00000,0x00000000f4470000,0x00000000f4b00000)
  to   space 16896K, 0% used [0x00000000f6480000,0x00000000f6480000,0x00000000f7500000)
 ParOldGen       total 171520K, used 24157K [0x00000000c0000000, 0x00000000ca780000, 0x00000000eab00000)
  object space 171520K, 14% used [0x00000000c0000000,0x00000000c17977d0,0x00000000ca780000)
 Metaspace       used 44183K, capacity 45014K, committed 45144K, reserved 1087488K
  class space    used 6142K, capacity 6460K, committed 6488K, reserved 1048576K
Event: 17.445 GC heap after
Heap after GC invocations=12 (full 2):
 PSYoungGen      total 190464K, used 10992K [0x00000000eab00000, 0x00000000f7c00000, 0x0000000100000000)
  eden space 173568K, 0% used [0x00000000eab00000,0x00000000eab00000,0x00000000f5480000)
  from space 16896K, 65% used [0x00000000f6480000,0x00000000f6f3c010,0x00000000f7500000)
  to   space 16384K, 0% used [0x00000000f5480000,0x00000000f5480000,0x00000000f6480000)
 ParOldGen       total 171520K, used 24165K [0x00000000c0000000, 0x00000000ca780000, 0x00000000eab00000)
  object space 171520K, 14% used [0x00000000c0000000,0x00000000c17997d0,0x00000000ca780000)
 Metaspace       used 44183K, capacity 45014K, committed 45144K, reserved 1087488K
  class space    used 6142K, capacity 6460K, committed 6488K, reserved 1048576K
}
Event: 19.293 GC heap before
{Heap before GC invocations=13 (full 2):
 PSYoungGen      total 190464K, used 184560K [0x00000000eab00000, 0x00000000f7c00000, 0x0000000100000000)
  eden space 173568K, 100% used [0x00000000eab00000,0x00000000f5480000,0x00000000f5480000)
  from space 16896K, 65% used [0x00000000f6480000,0x00000000f6f3c010,0x00000000f7500000)
  to   space 16384K, 0% used [0x00000000f5480000,0x00000000f5480000,0x00000000f6480000)
 ParOldGen       total 171520K, used 24165K [0x00000000c0000000, 0x00000000ca780000, 0x00000000eab00000)
  object space 171520K, 14% used [0x00000000c0000000,0x00000000c17997d0,0x00000000ca780000)
 Metaspace       used 45425K, capacity 46272K, committed 46552K, reserved 1089536K
  class space    used 6268K, capacity 6558K, committed 6616K, reserved 1048576K
Event: 19.317 GC heap after
Heap after GC invocations=13 (full 2):
 PSYoungGen      total 189952K, used 16369K [0x00000000eab00000, 0x00000000fac80000, 0x0000000100000000)
  eden space 173568K, 0% used [0x00000000eab00000,0x00000000eab00000,0x00000000f5480000)
  from space 16384K, 99% used [0x00000000f5480000,0x00000000f647c458,0x00000000f6480000)
  to   space 23040K, 0% used [0x00000000f9600000,0x00000000f9600000,0x00000000fac80000)
 ParOldGen       total 171520K, used 37518K [0x00000000c0000000, 0x00000000ca780000, 0x00000000eab00000)
  object space 171520K, 21% used [0x00000000c0000000,0x00000000c24a38a0,0x00000000ca780000)
 Metaspace       used 45425K, capacity 46272K, committed 46552K, reserved 1089536K
  class space    used 6268K, capacity 6558K, committed 6616K, reserved 1048576K
}
Event: 21.144 GC heap before
{Heap before GC invocations=14 (full 2):
 PSYoungGen      total 189952K, used 189937K [0x00000000eab00000, 0x00000000fac80000, 0x0000000100000000)
  eden space 173568K, 100% used [0x00000000eab00000,0x00000000f5480000,0x00000000f5480000)
  from space 16384K, 99% used [0x00000000f5480000,0x00000000f647c458,0x00000000f6480000)
  to   space 23040K, 0% used [0x00000000f9600000,0x00000000f9600000,0x00000000fac80000)
 ParOldGen       total 171520K, used 37518K [0x00000000c0000000, 0x00000000ca780000, 0x00000000eab00000)
  object space 171520K, 21% used [0x00000000c0000000,0x00000000c24a38a0,0x00000000ca780000)
 Metaspace       used 45788K, capacity 46606K, committed 46936K, reserved 1089536K
  class space    used 6317K, capacity 6628K, committed 6744K, reserved 1048576K
Event: 21.176 GC heap after
Heap after GC invocations=14 (full 2):
 PSYoungGen      total 237056K, used 23029K [0x00000000eab00000, 0x00000000fb780000, 0x0000000100000000)
  eden space 214016K, 0% used [0x00000000eab00000,0x00000000eab00000,0x00000000f7c00000)
  from space 23040K, 99% used [0x00000000f9600000,0x00000000fac7d4c8,0x00000000fac80000)
  to   space 26624K, 0% used [0x00000000f7c00000,0x00000000f7c00000,0x00000000f9600000)
 ParOldGen       total 171520K, used 40243K [0x00000000c0000000, 0x00000000ca780000, 0x00000000eab00000)
  object space 171520K, 23% used [0x00000000c0000000,0x00000000c274cf78,0x00000000ca780000)
 Metaspace       used 45788K, capacity 46606K, committed 46936K, reserved 1089536K
  class space    used 6317K, capacity 6628K, committed 6744K, reserved 1048576K
}

