# JRE version: OpenJDK Runtime Environment (8.0_202-b08) (build 1.8.0_202-b08)
# Java VM: OpenJDK 64-Bit Server VM (25.202-b08 mixed mode linux-amd64 compressed oops)
Heap:
 PSYoungGen      total 318464K, used 38622K [0x00000000eab00000, 0x0000000100000000, 0x0000000100000000)
  eden space 287744K, 13% used [0x00000000eab00000,0x00000000ed0b7ac8,0x00000000fc400000)
  from space 30720K, 0% used [0x00000000fc400000,0x00000000fc400000,0x00000000fe200000)
  to   space 29696K, 0% used [0x00000000fe300000,0x00000000fe300000,0x0000000100000000)
 ParOldGen       total 288768K, used 45292K [0x00000000c0000000, 0x00000000d1a00000, 0x00000000eab00000)
  object space 288768K, 15% used [0x00000000c0000000,0x00000000c2c3b1f8,0x00000000d1a00000)
 Metaspace       used 61365K, capacity 62410K, committed 62680K, reserved 1103872K
  class space    used 8007K, capacity 8366K, committed 8408K, reserved 1048576K
GC Heap History (10 events):
Event: 7.762 GC heap before
{Heap before GC invocations=8 (full 2):
 PSYoungGen      total 263168K, used 252928K [0x00000000eab00000, 0x00000000fc100000, 0x0000000100000000)
  eden space 252928K, 100% used [0x00000000eab00000,0x00000000fa200000,0x00000000fa200000)
  from space 10240K, 0% used [0x00000000fa700000,0x00000000fa700000,0x00000000fb100000)
  to   space 15872K, 0% used [0x00000000fb180000,0x00000000fb180000,0x00000000fc100000)
 ParOldGen       total 191488K, used 21959K [0x00000000c0000000, 0x00000000cbb00000, 0x00000000eab00000)
  object space 191488K, 11% used [0x00000000c0000000,0x00000000c1571f98,0x00000000cbb00000)
 Metaspace       used 44007K, capacity 44854K, committed 45144K, reserved 1087488K
  class space    used 6132K, capacity 6428K, committed 6488K, reserved 1048576K
Event: 7.781 GC heap after
Heap after GC invocations=8 (full 2):
 PSYoungGen      total 265728K, used 15863K [0x00000000eab00000, 0x0000000100000000, 0x0000000100000000)
  eden space 249856K, 0% used [0x00000000eab00000,0x00000000eab00000,0x00000000f9f00000)
  from space 15872K, 99% used [0x00000000fb180000,0x00000000fc0fdff8,0x00000000fc100000)
  to   space 18944K, 0% used [0x00000000f9f00000,0x00000000f9f00000,0x00000000fb180000)
 ParOldGen       total 191488K, used 24407K [0x00000000c0000000, 0x00000000cbb00000, 0x00000000eab00000)
  object space 191488K, 12% used [0x00000000c0000000,0x00000000c17d5c08,0x00000000cbb00000)
 Metaspace       used 44007K, capacity 44854K, committed 45144K, reserved 1087488K
  class space    used 6132K, capacity 6428K, committed 6488K, reserved 1048576K
}
Event: 10.867 GC heap before
{Heap before GC invocations=9 (full 2):
 PSYoungGen      total 265728K, used 265719K [0x00000000eab00000, 0x0000000100000000, 0x0000000100000000)
  eden space 249856K, 100% used [0x00000000eab00000,0x00000000f9f00000,0x00000000f9f00000)
  from space 15872K, 99% used [0x00000000fb180000,0x00000000fc0fdff8,0x00000000fc100000)
  to   space 18944K, 0% used [0x00000000f9f00000,0x00000000f9f00000,0x00000000fb180000)
 ParOldGen       total 191488K, used 24407K [0x00000000c0000000, 0x00000000cbb00000, 0x00000000eab00000)
  object space 191488K, 12% used [0x00000000c0000000,0x00000000c17d5c08,0x00000000cbb00000)
 Metaspace       used 45337K, capacity 46150K, committed 46296K, reserved 1089536K
  class space    used 6270K, capacity 6560K, committed 6616K, reserved 1048576K
Event: 10.883 GC heap after
Heap after GC invocations=9 (full 2):
 PSYoungGen      total 268800K, used 18933K [0x00000000eab00000, 0x0000000100000000, 0x0000000100000000)
  eden space 249856K, 0% used [0x00000000eab00000,0x00000000eab00000,0x00000000f9f00000)
  from space 18944K, 99% used [0x00000000f9f00000,0x00000000fb17d670,0x00000000fb180000)
  to   space 23040K, 0% used [0x00000000fe980000,0x00000000fe980000,0x0000000100000000)
 ParOldGen       total 191488K, used 27381K [0x00000000c0000000, 0x00000000cbb00000, 0x00000000eab00000)
  object space 191488K, 14% used [0x00000000c0000000,0x00000000c1abd758,0x00000000cbb00000)
 Metaspace       used 45337K, capacity 46150K, committed 46296K, reserved 1089536K
  class space    used 6270K, capacity 6560K, committed 6616K, reserved 1048576K
}
Event: 12.294 GC heap before
{Heap before GC invocations=10 (full 2):
 PSYoungGen      total 268800K, used 268789K [0x00000000eab00000, 0x0000000100000000, 0x0000000100000000)
  eden space 249856K, 100% used [0x00000000eab00000,0x00000000f9f00000,0x00000000f9f00000)
  from space 18944K, 99% used [0x00000000f9f00000,0x00000000fb17d670,0x00000000fb180000)
  to   space 23040K, 0% used [0x00000000fe980000,0x00000000fe980000,0x0000000100000000)
 ParOldGen       total 191488K, used 27381K [0x00000000c0000000, 0x00000000cbb00000, 0x00000000eab00000)
  object space 191488K, 14% used [0x00000000c0000000,0x00000000c1abd758,0x00000000cbb00000)
 Metaspace       used 46102K, capacity 46932K, committed 47192K, reserved 1089536K
  class space    used 6363K, capacity 6694K, committed 6744K, reserved 1048576K
Event: 12.330 GC heap after
Heap after GC invocations=10 (full 2):
 PSYoungGen      total 310784K, used 23029K [0x00000000eab00000, 0x0000000100000000, 0x0000000100000000)
  eden space 287744K, 0% used [0x00000000eab00000,0x00000000eab00000,0x00000000fc400000)
  from space 23040K, 99% used [0x00000000fe980000,0x00000000ffffd688,0x0000000100000000)
  to   space 30720K, 0% used [0x00000000fc400000,0x00000000fc400000,0x00000000fe200000)
 ParOldGen       total 191488K, used 38302K [0x00000000c0000000, 0x00000000cbb00000, 0x00000000eab00000)
  object space 191488K, 20% used [0x00000000c0000000,0x00000000c2567b10,0x00000000cbb00000)
 Metaspace       used 46102K, capacity 46932K, committed 47192K, reserved 1089536K
  class space    used 6363K, capacity 6694K, committed 6744K, reserved 1048576K
}
Event: 19.168 GC heap before
{Heap before GC invocations=11 (full 2):
 PSYoungGen      total 310784K, used 118962K [0x00000000eab00000, 0x0000000100000000, 0x0000000100000000)
  eden space 287744K, 33% used [0x00000000eab00000,0x00000000f08af268,0x00000000fc400000)
  from space 23040K, 99% used [0x00000000fe980000,0x00000000ffffd688,0x0000000100000000)
  to   space 30720K, 0% used [0x00000000fc400000,0x00000000fc400000,0x00000000fe200000)
 ParOldGen       total 191488K, used 38302K [0x00000000c0000000, 0x00000000cbb00000, 0x00000000eab00000)
  object space 191488K, 20% used [0x00000000c0000000,0x00000000c2567b10,0x00000000cbb00000)
 Metaspace       used 57716K, capacity 58692K, committed 59028K, reserved 1099776K
  class space    used 7700K, capacity 8071K, committed 8152K, reserved 1048576K
Event: 19.212 GC heap after
Heap after GC invocations=11 (full 2):
 PSYoungGen      total 318464K, used 16554K [0x00000000eab00000, 0x0000000100000000, 0x0000000100000000)
  eden space 287744K, 0% used [0x00000000eab00000,0x00000000eab00000,0x00000000fc400000)
  from space 30720K, 53% used [0x00000000fc400000,0x00000000fd42aad8,0x00000000fe200000)
  to   space 29696K, 0% used [0x00000000fe300000,0x00000000fe300000,0x0000000100000000)
 ParOldGen       total 191488K, used 48853K [0x00000000c0000000, 0x00000000cbb00000, 0x00000000eab00000)
  object space 191488K, 25% used [0x00000000c0000000,0x00000000c2fb5440,0x00000000cbb00000)
 Metaspace       used 57716K, capacity 58692K, committed 59028K, reserved 1099776K
  class space    used 7700K, capacity 8071K, committed 8152K, reserved 1048576K
}
Event: 19.212 GC heap before
{Heap before GC invocations=12 (full 3):
 PSYoungGen      total 318464K, used 16554K [0x00000000eab00000, 0x0000000100000000, 0x0000000100000000)
  eden space 287744K, 0% used [0x00000000eab00000,0x00000000eab00000,0x00000000fc400000)
  from space 30720K, 53% used [0x00000000fc400000,0x00000000fd42aad8,0x00000000fe200000)
  to   space 29696K, 0% used [0x00000000fe300000,0x00000000fe300000,0x0000000100000000)
 ParOldGen       total 191488K, used 48853K [0x00000000c0000000, 0x00000000cbb00000, 0x00000000eab00000)
  object space 191488K, 25% used [0x00000000c0000000,0x00000000c2fb5440,0x00000000cbb00000)
 Metaspace       used 57716K, capacity 58692K, committed 59028K, reserved 1099776K
  class space    used 7700K, capacity 8071K, committed 8152K, reserved 1048576K
Event: 19.431 GC heap after
Heap after GC invocations=12 (full 3):
 PSYoungGen      total 318464K, used 0K [0x00000000eab00000, 0x0000000100000000, 0x0000000100000000)
  eden space 287744K, 0% used [0x00000000eab00000,0x00000000eab00000,0x00000000fc400000)
  from space 30720K, 0% used [0x00000000fc400000,0x00000000fc400000,0x00000000fe200000)
  to   space 29696K, 0% used [0x00000000fe300000,0x00000000fe300000,0x0000000100000000)
 ParOldGen       total 288768K, used 45292K [0x00000000c0000000, 0x00000000d1a00000, 0x00000000eab00000)
  object space 288768K, 15% used [0x00000000c0000000,0x00000000c2c3b1f8,0x00000000d1a00000)
 Metaspace       used 57716K, capacity 58692K, committed 59028K, reserved 1099776K
  class space    used 7700K, capacity 8071K, committed 8152K, reserved 1048576K
}

